<?xml version="1.0" encoding="UTF-8"?>
<testsuite xmlns:xsi="http://www.w3.org/2001/XMLSchema-instance" xsi:noNamespaceSchemaLocation="https://maven.apache.org/surefire/maven-surefire-plugin/xsd/surefire-test-report-3.0.xsd" version="3.0" name="com.example.pw_social_media.PwSocialMediaApplicationTests" time="1.109" tests="1" errors="0" skipped="0" failures="0">
  <properties>
[...]
</properties>
  <testcase name="contextLoads" classname="com.example.pw_social_media.PwSocialMediaApplicationTests" time="0.344">
    <system-out><![CDATA[15:02:02.697 [main] INFO org.springframework.test.context.support.AnnotationConfigContextLoaderUtils -- Could not detect default configuration classes for test class [com.example.pw_social_media.PwSocialMediaApplicationTests]: PwSocialMediaApplicationTests does not declare any static, non-private, non-final, nested classes annotated with @Configuration.
15:02:02.729 [main] INFO org.springframework.boot.test.context.SpringBootTestContextBootstrapper -- Found @SpringBootConfiguration com.example.pw_social_media.PwSocialMediaApplication for test class com.example.pw_social_media.PwSocialMediaApplicationTests
15:02:02.779 [main] INFO org.springframework.boot.devtools.restart.RestartApplicationListener -- Restart disabled due to context in which it is running

  .   ____          _            __ _ _
 /\\ / ___'_ __ _ _(_)_ __  __ _ \ \ \ \
( ( )\___ | '_ | '_| | '_ \/ _` | \ \ \ \
 \\/  ___)| |_)| | | | | || (_| |  ) ) ) )
  '  |____| .__|_| |_|_| |_\__, | / / / /
 =========|_|==============|___/=/_/_/_/
 :: Spring Boot ::                (v3.2.3)

2025-03-03T15:02:02.857+11:00  INFO 38274 --- [pw-social-media] [           main] c.e.p.PwSocialMediaApplicationTests      : Starting PwSocialMediaApplicationTests using Java 17.0.14 with PID 38274 (started by matt in /Users/matt/Desktop/pw-social-media/backend)
2025-03-03T15:02:02.857+11:00  INFO 38274 --- [pw-social-media] [           main] c.e.p.PwSocialMediaApplicationTests      : No active profile set, falling back to 1 default profile: "default"
2025-03-03T15:02:03.042+11:00  INFO 38274 --- [pw-social-media] [           main] .s.d.r.c.RepositoryConfigurationDelegate : Bootstrapping Spring Data MongoDB repositories in DEFAULT mode.
2025-03-03T15:02:03.047+11:00  INFO 38274 --- [pw-social-media] [           main] .s.d.r.c.RepositoryConfigurationDelegate : Finished Spring Data repository scanning in 3 ms. Found 0 MongoDB repository interfaces.
2025-03-03T15:02:03.279+11:00  INFO 38274 --- [pw-social-media] [           main] org.mongodb.driver.client                : MongoClient with metadata {"driver": {"name": "mongo-java-driver|sync|spring-boot", "version": "4.11.1"}, "os": {"type": "Darwin", "name": "Mac OS X", "architecture": "aarch64", "version": "15.1"}, "platform": "Java/Homebrew/17.0.14+0"} created with settings MongoClientSettings{readPreference=primary, writeConcern=WriteConcern{w=null, wTimeout=null ms, journal=null}, retryWrites=true, retryReads=true, readConcern=ReadConcern{level=null}, credential=null, transportSettings=null, streamFactoryFactory=null, commandListeners=[], codecRegistry=ProvidersCodecRegistry{codecProviders=[ValueCodecProvider{}, BsonValueCodecProvider{}, DBRefCodecProvider{}, DBObjectCodecProvider{}, DocumentCodecProvider{}, CollectionCodecProvider{}, IterableCodecProvider{}, MapCodecProvider{}, GeoJsonCodecProvider{}, GridFSFileCodecProvider{}, Jsr310CodecProvider{}, JsonObjectCodecProvider{}, BsonCodecProvider{}, EnumCodecProvider{}, com.mongodb.client.model.mql.ExpressionCodecProvider@553d2579, com.mongodb.Jep395RecordCodecProvider@2a8f6e6, com.mongodb.KotlinCodecProvider@1ac730cd]}, loggerSettings=LoggerSettings{maxDocumentLength=1000}, clusterSettings={hosts=[localhost:27017], srvServiceName=mongodb, mode=SINGLE, requiredClusterType=UNKNOWN, requiredReplicaSetName='null', serverSelector='null', clusterListeners='[]', serverSelectionTimeout='30000 ms', localThreshold='15 ms'}, socketSettings=SocketSettings{connectTimeoutMS=10000, readTimeoutMS=0, receiveBufferSize=0, proxySettings=ProxySettings{host=null, port=null, username=null, password=null}}, heartbeatSocketSettings=SocketSettings{connectTimeoutMS=10000, readTimeoutMS=10000, receiveBufferSize=0, proxySettings=ProxySettings{host=null, port=null, username=null, password=null}}, connectionPoolSettings=ConnectionPoolSettings{maxSize=100, minSize=0, maxWaitTimeMS=120000, maxConnectionLifeTimeMS=0, maxConnectionIdleTimeMS=0, maintenanceInitialDelayMS=0, maintenanceFrequencyMS=60000, connectionPoolListeners=[], maxConnecting=2}, serverSettings=ServerSettings{heartbeatFrequencyMS=10000, minHeartbeatFrequencyMS=500, serverListeners='[]', serverMonitorListeners='[]'}, sslSettings=SslSettings{enabled=false, invalidHostNameAllowed=false, context=null}, applicationName='null', compressorList=[], uuidRepresentation=JAVA_LEGACY, serverApi=null, autoEncryptionSettings=null, dnsClient=null, inetAddressResolver=null, contextProvider=null}
2025-03-03T15:02:03.297+11:00  INFO 38274 --- [pw-social-media] [localhost:27017] org.mongodb.driver.cluster               : Monitor thread successfully connected to server with description ServerDescription{address=localhost:27017, type=STANDALONE, state=CONNECTED, ok=true, minWireVersion=0, maxWireVersion=17, maxDocumentSize=16777216, logicalSessionTimeoutMinutes=30, roundTripTimeNanos=7698542}
2025-03-03T15:02:03.348+11:00  WARN 38274 --- [pw-social-media] [           main] .s.s.UserDetailsServiceAutoConfiguration : 

Using generated security password: 7773b6f1-4101-4e88-afa3-02e3b4ff6419

This generated password is for development use only. Your security configuration must be updated before running your application in production.

2025-03-03T15:02:03.385+11:00  INFO 38274 --- [pw-social-media] [           main] o.s.s.web.DefaultSecurityFilterChain     : Will secure any request with [org.springframework.security.web.session.DisableEncodeUrlFilter@63dda940, org.springframework.security.web.context.request.async.WebAsyncManagerIntegrationFilter@41f964f9, org.springframework.security.web.context.SecurityContextHolderFilter@6bd92538, org.springframework.security.web.header.HeaderWriterFilter@2424cb9d, org.springframework.web.filter.CorsFilter@652e345, org.springframework.security.web.csrf.CsrfFilter@1ae924f1, org.springframework.security.web.authentication.logout.LogoutFilter@48dff674, org.springframework.security.web.authentication.UsernamePasswordAuthenticationFilter@5b44318, org.springframework.security.web.authentication.ui.DefaultLoginPageGeneratingFilter@6df11e91, org.springframework.security.web.authentication.ui.DefaultLogoutPageGeneratingFilter@7574d4ad, org.springframework.security.web.authentication.www.BasicAuthenticationFilter@51fe7f15, org.springframework.security.web.savedrequest.RequestCacheAwareFilter@19ae36f4, org.springframework.security.web.servletapi.SecurityContextHolderAwareRequestFilter@6735f210, org.springframework.security.web.authentication.AnonymousAuthenticationFilter@7bede4ea, org.springframework.security.web.access.ExceptionTranslationFilter@45eab322, org.springframework.security.web.access.intercept.AuthorizationFilter@bb8ead8]
2025-03-03T15:02:03.400+11:00  INFO 38274 --- [pw-social-media] [           main] c.e.p.PwSocialMediaApplicationTests      : Started PwSocialMediaApplicationTests in 0.625 seconds (process running for 0.923)
]]></system-out>
  </testcase>
</testsuite>